----------------------------------------------------------------
Tue Sep 08 05:00:02 IST 2020:
Booting Derby version The Apache Software Foundation - Apache Derby - 10.14.2.0 - (1828579): instance a816c00e-0174-6ae7-ad91-00000344c280 
on database directory memory:D:\stock-market-charting-application\login-service\8ba04ee3-23f7-4ac9-8187-fcbca3fa47a1 with class loader jdk.internal.loader.ClassLoaders$AppClassLoader@4e0e2f2a 
Loaded from file:/C:/Users/Kanha/.m2/repository/org/apache/derby/derby/10.14.2.0/derby-10.14.2.0.jar
java.vendor=Oracle Corporation
java.runtime.version=12.0.2+10
user.dir=D:\stock-market-charting-application\login-service
os.name=Windows 10
os.arch=amd64
os.version=10.0
derby.system.home=null
Database Class Loader started - derby.database.classpath=''
----------------------------------------------------------------
Tue Sep 08 05:10:58 IST 2020:
Shutting down instance a816c00e-0174-6ae7-ad91-00000344c280 on database directory memory:D:\stock-market-charting-application\login-service\8ba04ee3-23f7-4ac9-8187-fcbca3fa47a1 with class loader jdk.internal.loader.ClassLoaders$AppClassLoader@4e0e2f2a 
----------------------------------------------------------------
Tue Sep 08 05:10:58 IST 2020:
Booting Derby version The Apache Software Foundation - Apache Derby - 10.14.2.0 - (1828579): instance 560c80d5-0174-6ae7-ad91-00000344c280 
on database directory memory:D:\stock-market-charting-application\login-service\679f2bc5-eff5-409e-83f5-cee35434a9e1 with class loader jdk.internal.loader.ClassLoaders$AppClassLoader@4e0e2f2a 
Loaded from file:/C:/Users/Kanha/.m2/repository/org/apache/derby/derby/10.14.2.0/derby-10.14.2.0.jar
java.vendor=Oracle Corporation
java.runtime.version=12.0.2+10
user.dir=D:\stock-market-charting-application\login-service
os.name=Windows 10
os.arch=amd64
os.version=10.0
derby.system.home=null
Database Class Loader started - derby.database.classpath=''
